<?xml version="1.0" encoding="UTF-8" ?>
<testsuite tests="16" failures="0" name="stepsDefs.TestRunner" time="0.199" errors="0" skipped="16">
  <properties>
[...]
</properties>
  <testcase classname="This feature would be used to design the Login page of the application" name="To validate the positive login" time="0.039">
    <skipped/>
  </testcase>
  <testcase classname="This feature would be used to design the Login page of the application" name="To validate the positive login" time="0.039">
    <skipped/>
  </testcase>
  <testcase classname="This feature would be used to design the Login page of the application" name="To validate the positive login" time="0.039">
    <skipped/>
  </testcase>
  <testcase classname="This feature would be used to design the Login page of the application" name="To validate the positive login" time="0.039">
    <skipped/>
  </testcase>
  <testcase classname="This feature would be used to design the Login page of the application" name="To validate the positive login" time="0.004">
    <skipped/>
  </testcase>
  <testcase classname="This feature would be used to design the Login page of the application" name="To validate the positive login" time="0.004">
    <skipped/>
  </testcase>
  <testcase classname="This feature would be used to design the Login page of the application" name="To validate the positive login" time="0.004">
    <skipped/>
  </testcase>
  <testcase classname="This feature would be used to design the Login page of the application" name="To validate the positive login" time="0.004">
    <skipped/>
  </testcase>
  <testcase classname="This feature would be used to design the Login page of the application" name="To validate the negative login" time="0.004">
    <skipped/>
  </testcase>
  <testcase classname="This feature would be used to design the Login page of the application" name="To validate the negative login" time="0.004">
    <skipped/>
  </testcase>
  <testcase classname="This feature would be used to design the Login page of the application" name="To validate the negative login" time="0.004">
    <skipped/>
  </testcase>
  <testcase classname="This feature would be used to design the Login page of the application" name="To validate the negative login" time="0.004">
    <skipped/>
  </testcase>
  <testcase classname="This feature would be used to design the Login page of the application" name="To validate the negative login" time="0.002">
    <skipped/>
  </testcase>
  <testcase classname="This feature would be used to design the Login page of the application" name="To validate the negative login" time="0.003">
    <skipped/>
  </testcase>
  <testcase classname="This feature would be used to design the Login page of the application" name="To validate the negative login" time="0.003">
    <skipped/>
  </testcase>
  <testcase classname="This feature would be used to design the Login page of the application" name="To validate the negative login" time="0.003">
    <skipped/>
  </testcase>
</testsuite>